<?xml version="1.0" encoding="UTF-8"?>
<!-- Generated by org.testng.reporters.JUnitXMLReporter -->
<testsuite hostname="ForgeRockTest1" ignored="0" name="Staples_Radar_ChromeBrowser" tests="8" failures="0" timestamp="20 Apr 2018 07:44:09 GMT" time="186.14" errors="0">
  <testcase name="testCasesExecutionStarted" time="15.94" classname="Com.Staples.CommonLib.Baseclass"/>
  <testcase name="radarLoginTestWithValidCredentials" time="27.297" classname="Com.Staples.TestngTestCases.radarTestngClass"/>
  <testcase name="radarloginTestwithBlankCredentials" time="11.192" classname="Com.Staples.TestngTestCases.radarTestngClass"/>
  <testcase name="radarloginTestwithEmptyPasswordField" time="13.061" classname="Com.Staples.TestngTestCases.radarTestngClass"/>
  <testcase name="radarloginTestwithEmptyUserNameField" time="9.834" classname="Com.Staples.TestngTestCases.radarTestngClass"/>
  <testcase name="radarloginTestwithInvalidCredentials" time="21.548" classname="Com.Staples.TestngTestCases.radarTestngClass"/>
  <testcase name="radarloginTestwithInvalidPassword" time="18.098" classname="Com.Staples.TestngTestCases.radarTestngClass"/>
  <testcase name="radarloginTestwithInvalidUsername" time="21.506" classname="Com.Staples.TestngTestCases.radarTestngClass"/>
</testsuite> <!-- Staples_Radar_ChromeBrowser -->
