<?xml version="1.0" encoding="UTF-8"?>
<!-- Generated by org.testng.reporters.JUnitXMLReporter -->
<testsuite hostname="ForgeRockTest1" ignored="0" name="Staples_Magnus_IEBrowser" tests="8" failures="0" timestamp="04 May 2018 06:28:21 GMT" time="76.186" errors="0">
  <testcase name="testCasesExecutionStarted" time="3.578" classname="Com.Staples.CommonLib.Baseclass"/>
  <testcase name="magnusLoginTestWithValidCredentials" time="16.606" classname="Com.Staples.TestngTestCases.mangusTestngClass"/>
  <testcase name="magnusloginTestwithBlankCredentials" time="9.047" classname="Com.Staples.TestngTestCases.mangusTestngClass"/>
  <testcase name="magnusloginTestwithEmptyPasswordField" time="8.923" classname="Com.Staples.TestngTestCases.mangusTestngClass"/>
  <testcase name="magnusloginTestwithEmptyUserNameField" time="9.143" classname="Com.Staples.TestngTestCases.mangusTestngClass"/>
  <testcase name="magnusloginTestwithInvalidCredentials" time="9.427" classname="Com.Staples.TestngTestCases.mangusTestngClass"/>
  <testcase name="magnusloginTestwithInvalidPassword" time="9.075" classname="Com.Staples.TestngTestCases.mangusTestngClass"/>
  <testcase name="magnusloginTestwithInvalidUsername" time="9.162" classname="Com.Staples.TestngTestCases.mangusTestngClass"/>
</testsuite> <!-- Staples_Magnus_IEBrowser -->
