<?xml version="1.0" encoding="UTF-8"?>
<!-- Generated by org.testng.reporters.JUnitXMLReporter -->
<testsuite hostname="ForgeRockTest1" ignored="0" name="Staples_Radar_FirefoxBrowser" tests="8" failures="0" timestamp="20 Apr 2018 07:55:41 GMT" time="165.352" errors="0">
  <testcase name="testCasesExecutionStarted" time="14.334" classname="Com.Staples.CommonLib.Baseclass"/>
  <testcase name="radarLoginTestWithValidCredentials" time="32.882" classname="Com.Staples.TestngTestCases.radarTestngClass"/>
  <testcase name="radarloginTestwithBlankCredentials" time="9.133" classname="Com.Staples.TestngTestCases.radarTestngClass"/>
  <testcase name="radarloginTestwithEmptyPasswordField" time="13.009" classname="Com.Staples.TestngTestCases.radarTestngClass"/>
  <testcase name="radarloginTestwithEmptyUserNameField" time="9.852" classname="Com.Staples.TestngTestCases.radarTestngClass"/>
  <testcase name="radarloginTestwithInvalidCredentials" time="12.965" classname="Com.Staples.TestngTestCases.radarTestngClass"/>
  <testcase name="radarloginTestwithInvalidPassword" time="17.324" classname="Com.Staples.TestngTestCases.radarTestngClass"/>
  <testcase name="radarloginTestwithInvalidUsername" time="11.993" classname="Com.Staples.TestngTestCases.radarTestngClass"/>
</testsuite> <!-- Staples_Radar_FirefoxBrowser -->
