<?xml version="1.0" encoding="UTF-8"?>
<!-- Generated by org.testng.reporters.JUnitXMLReporter -->
<testsuite hostname="ForgeRockTest1" ignored="0" name="Staples_SolutionBuilder_FirefoxBrowser" tests="8" failures="0" timestamp="19 Apr 2018 08:11:04 GMT" time="138.578" errors="0">
  <testcase name="testCasesExecutionStarted" time="27.39" classname="Com.Staples.CommonLib.Baseclass"/>
  <testcase name="solutionBuilderLoginTestWithValidCredentials" time="17.984" classname="Com.Staples.TestngTestCases.solutionBuilderTestngClass"/>
  <testcase name="solutionBuilderloginTestwithBlankCredentials" time="7.638" classname="Com.Staples.TestngTestCases.solutionBuilderTestngClass"/>
  <testcase name="solutionBuilderloginTestwithEmptyPasswordField" time="7.24" classname="Com.Staples.TestngTestCases.solutionBuilderTestngClass"/>
  <testcase name="solutionBuilderloginTestwithEmptyUserNameField" time="7.539" classname="Com.Staples.TestngTestCases.solutionBuilderTestngClass"/>
  <testcase name="solutionBuilderloginTestwithInvalidCredentials" time="7.303" classname="Com.Staples.TestngTestCases.solutionBuilderTestngClass"/>
  <testcase name="solutionBuilderloginTestwithInvalidPassword" time="8.428" classname="Com.Staples.TestngTestCases.solutionBuilderTestngClass"/>
  <testcase name="solutionBuilderloginTestwithInvalidUsername" time="12.087" classname="Com.Staples.TestngTestCases.solutionBuilderTestngClass"/>
</testsuite> <!-- Staples_SolutionBuilder_FirefoxBrowser -->
