<?xml version="1.0" encoding="UTF-8"?>
<!-- Generated by org.testng.reporters.JUnitXMLReporter -->
<testsuite hostname="ForgeRockTest1" ignored="0" name="Staples_CEJ_FirefoxBrowser" tests="8" failures="0" timestamp="08 May 2018 07:59:21 GMT" time="61.697" errors="0">
  <testcase name="testCasesExecutionStarted" time="3.9" classname="Com.Staples.CommonLib.Baseclass"/>
  <testcase name="cejLoginTestWithValidCredentials" time="10.584" classname="Com.Staples.TestngTestCases.cejTestngClass"/>
  <testcase name="cejloginTestwithBlankCredentials" time="6.857" classname="Com.Staples.TestngTestCases.cejTestngClass"/>
  <testcase name="cejloginTestwithEmptyPasswordField" time="6.898" classname="Com.Staples.TestngTestCases.cejTestngClass"/>
  <testcase name="cejloginTestwithEmptyUserNameField" time="6.868" classname="Com.Staples.TestngTestCases.cejTestngClass"/>
  <testcase name="cejloginTestwithInvalidCredentials" time="7.346" classname="Com.Staples.TestngTestCases.cejTestngClass"/>
  <testcase name="cejloginTestwithInvalidPassword" time="7.054" classname="Com.Staples.TestngTestCases.cejTestngClass"/>
  <testcase name="cejloginTestwithInvalidUsername" time="7.882" classname="Com.Staples.TestngTestCases.cejTestngClass"/>
</testsuite> <!-- Staples_CEJ_FirefoxBrowser -->
