<?xml version="1.0" encoding="UTF-8"?>
<!-- Generated by org.testng.reporters.JUnitXMLReporter -->
<testsuite hostname="ForgeRockTest1" ignored="0" name="Staples_SPOMS_ChromeBrowser" tests="8" failures="0" timestamp="08 May 2018 06:53:40 GMT" time="60.312" errors="0">
  <testcase name="testCasesExecutionStarted" time="3.975" classname="Com.Staples.CommonLib.Baseclass"/>
  <testcase name="spomsLoginTestWithValidCredentials" time="10.567" classname="Com.Staples.TestngTestCases.spomsTestngClass"/>
  <testcase name="spomsloginTestwithBlankCredentials" time="6.858" classname="Com.Staples.TestngTestCases.spomsTestngClass"/>
  <testcase name="spomsloginTestwithEmptyPasswordField" time="6.915" classname="Com.Staples.TestngTestCases.spomsTestngClass"/>
  <testcase name="spomsloginTestwithEmptyUserNameField" time="6.817" classname="Com.Staples.TestngTestCases.spomsTestngClass"/>
  <testcase name="spomsloginTestwithInvalidCredentials" time="7.099" classname="Com.Staples.TestngTestCases.spomsTestngClass"/>
  <testcase name="spomsloginTestwithInvalidPassword" time="7.056" classname="Com.Staples.TestngTestCases.spomsTestngClass"/>
  <testcase name="spomsloginTestwithInvalidUsername" time="8.03" classname="Com.Staples.TestngTestCases.spomsTestngClass"/>
</testsuite> <!-- Staples_SPOMS_ChromeBrowser -->
