<?xml version="1.0" encoding="UTF-8"?>
<!-- Generated by org.testng.reporters.JUnitXMLReporter -->
<testsuite hostname="ForgeRockTest1" ignored="0" name="Staples_Clarity_FirefoxBrowser" tests="8" failures="0" timestamp="04 May 2018 10:32:05 GMT" time="112.846" errors="0">
  <testcase name="testCasesExecutionStarted" time="9.515" classname="Com.Staples.CommonLib.Baseclass"/>
  <testcase name="clarityLoginTestWithValidCredentials" time="35.672" classname="Com.Staples.TestngTestCases.clarityTestngClass"/>
  <testcase name="clarityloginTestwithBlankCredentials" time="6.913" classname="Com.Staples.TestngTestCases.clarityTestngClass"/>
  <testcase name="clarityloginTestwithEmptyPasswordField" time="6.859" classname="Com.Staples.TestngTestCases.clarityTestngClass"/>
  <testcase name="clarityloginTestwithEmptyUserNameField" time="6.866" classname="Com.Staples.TestngTestCases.clarityTestngClass"/>
  <testcase name="clarityloginTestwithInvalidCredentials" time="8.055" classname="Com.Staples.TestngTestCases.clarityTestngClass"/>
  <testcase name="clarityloginTestwithInvalidPassword" time="7.054" classname="Com.Staples.TestngTestCases.clarityTestngClass"/>
  <testcase name="clarityloginTestwithInvalidUsername" time="7.855" classname="Com.Staples.TestngTestCases.clarityTestngClass"/>
</testsuite> <!-- Staples_Clarity_FirefoxBrowser -->
