<?xml version="1.0" encoding="UTF-8"?>
<!-- Generated by org.testng.reporters.JUnitXMLReporter -->
<testsuite hostname="ForgeRockTest1" ignored="0" name="Staples_Helios-IEBrowser" tests="8" failures="0" timestamp="27 Mar 2018 10:52:09 GMT" time="66.63" errors="0">
  <testcase name="testCasesExecutionStarted" time="1.836" classname="Com.Staples.CommonLib.Baseclass"/>
  <testcase name="heliosLoginTestwithValidCredentials" time="10.92" classname="Com.Staples.TestngTestCases.staplesTestngClasses"/>
  <testcase name="heliosloginTestwithBlankCredentials" time="8.71" classname="Com.Staples.TestngTestCases.staplesTestngClasses"/>
  <testcase name="heliosloginTestwithEmptyPasswordField" time="8.721" classname="Com.Staples.TestngTestCases.staplesTestngClasses"/>
  <testcase name="heliosloginTestwithEmptyUserNameField" time="9.139" classname="Com.Staples.TestngTestCases.staplesTestngClasses"/>
  <testcase name="heliosloginTestwithInvalidCredentials" time="9.115" classname="Com.Staples.TestngTestCases.staplesTestngClasses"/>
  <testcase name="heliosloginTestwithInvalidPassword" time="8.877" classname="Com.Staples.TestngTestCases.staplesTestngClasses"/>
  <testcase name="heliosloginTestwithInvalidUsername" time="9.029" classname="Com.Staples.TestngTestCases.staplesTestngClasses"/>
</testsuite> <!-- Staples_Helios-IEBrowser -->
