<?xml version="1.0" encoding="UTF-8"?>
<!-- Generated by org.testng.reporters.JUnitXMLReporter -->
<testsuite hostname="ForgeRockTest1" ignored="0" name="StaplesTestsstaplesSalesforce" tests="8" failures="0" timestamp="23 Mar 2018 17:45:29 GMT" time="75.664" errors="0">
  <testcase name="browserLaunching" time="3.6" classname="Com.Staples.CommonLib.Baseclass"/>
  <testcase name="staplesLoginwithValidCredentials" time="21.525" classname="Com.Staples.TestngTestCases.staplesTestngClasses"/>
  <testcase name="loginTestwithInvalidPassword" time="7.993" classname="Com.Staples.TestngTestCases.staplesTestngClasses"/>
  <testcase name="loginTestwithInvalidUsername" time="7.948" classname="Com.Staples.TestngTestCases.staplesTestngClasses"/>
  <testcase name="loginTestwithBlankCredentials" time="7.742" classname="Com.Staples.TestngTestCases.staplesTestngClasses"/>
  <testcase name="loginTestwithwithEmptyPasswordField" time="7.72" classname="Com.Staples.TestngTestCases.staplesTestngClasses"/>
  <testcase name="loginTestwithwithEmptyUserNameField" time="7.799" classname="Com.Staples.TestngTestCases.staplesTestngClasses"/>
  <testcase name="loginTestwithwithInvalidCredentials" time="7.97" classname="Com.Staples.TestngTestCases.staplesTestngClasses"/>
</testsuite> <!-- StaplesTestsstaplesSalesforce -->
