<?xml version="1.0" encoding="UTF-8"?>
<!-- Generated by org.testng.reporters.JUnitXMLReporter -->
<testsuite hostname="ForgeRockTest1" ignored="0" name="Staples_BITBUCKET_FirefoxBrowser" tests="8" failures="0" timestamp="10 May 2018 07:30:26 GMT" time="71.417" errors="0">
  <testcase name="testCasesExecutionStarted" time="4.376" classname="Com.Staples.CommonLib.Baseclass"/>
  <testcase name="bitbucketLoginTestWithValidCredentials" time="16.477" classname="Com.Staples.TestngTestCases.bitbucketTestngClass"/>
  <testcase name="bitbucketloginTestwithBlankCredentials" time="7.475" classname="Com.Staples.TestngTestCases.bitbucketTestngClass"/>
  <testcase name="bitbucketloginTestwithEmptyPasswordField" time="7.35" classname="Com.Staples.TestngTestCases.bitbucketTestngClass"/>
  <testcase name="bitbucketloginTestwithEmptyUserNameField" time="7.4" classname="Com.Staples.TestngTestCases.bitbucketTestngClass"/>
  <testcase name="bitbucketloginTestwithInvalidCredentials" time="7.671" classname="Com.Staples.TestngTestCases.bitbucketTestngClass"/>
  <testcase name="bitbucketloginTestwithInvalidPassword" time="7.395" classname="Com.Staples.TestngTestCases.bitbucketTestngClass"/>
  <testcase name="bitbucketloginTestwithInvalidUsername" time="8.454" classname="Com.Staples.TestngTestCases.bitbucketTestngClass"/>
</testsuite> <!-- Staples_BITBUCKET_FirefoxBrowser -->
