<?xml version="1.0" encoding="UTF-8"?>
<!-- Generated by org.testng.reporters.JUnitXMLReporter -->
<testsuite hostname="ForgeRockTest1" ignored="0" name="Staples_Clarity_IEBrowser" tests="8" failures="0" timestamp="04 May 2018 10:37:16 GMT" time="94.988" errors="0">
  <testcase name="testCasesExecutionStarted" time="3.433" classname="Com.Staples.CommonLib.Baseclass"/>
  <testcase name="clarityLoginTestWithValidCredentials" time="35.601" classname="Com.Staples.TestngTestCases.clarityTestngClass"/>
  <testcase name="clarityloginTestwithBlankCredentials" time="9.207" classname="Com.Staples.TestngTestCases.clarityTestngClass"/>
  <testcase name="clarityloginTestwithEmptyPasswordField" time="8.847" classname="Com.Staples.TestngTestCases.clarityTestngClass"/>
  <testcase name="clarityloginTestwithEmptyUserNameField" time="9.06" classname="Com.Staples.TestngTestCases.clarityTestngClass"/>
  <testcase name="clarityloginTestwithInvalidCredentials" time="9.275" classname="Com.Staples.TestngTestCases.clarityTestngClass"/>
  <testcase name="clarityloginTestwithInvalidPassword" time="9.121" classname="Com.Staples.TestngTestCases.clarityTestngClass"/>
  <testcase name="clarityloginTestwithInvalidUsername" time="9.203" classname="Com.Staples.TestngTestCases.clarityTestngClass"/>
</testsuite> <!-- Staples_Clarity_IEBrowser -->
