<?xml version="1.0" encoding="UTF-8"?>
<!-- Generated by org.testng.reporters.JUnitXMLReporter -->
<testsuite hostname="ForgeRockTest1" ignored="0" name="Staples_SolutionBuilder_IEBrowser" tests="8" failures="0" timestamp="19 Apr 2018 08:27:14 GMT" time="222.711" errors="0">
  <testcase name="testCasesExecutionStarted" time="7.545" classname="Com.Staples.CommonLib.Baseclass"/>
  <testcase name="solutionBuilderLoginTestWithValidCredentials" time="39.417" classname="Com.Staples.TestngTestCases.solutionBuilderTestngClass"/>
  <testcase name="solutionBuilderloginTestwithBlankCredentials" time="47.099" classname="Com.Staples.TestngTestCases.solutionBuilderTestngClass"/>
  <testcase name="solutionBuilderloginTestwithEmptyPasswordField" time="20.218" classname="Com.Staples.TestngTestCases.solutionBuilderTestngClass"/>
  <testcase name="solutionBuilderloginTestwithEmptyUserNameField" time="31.365" classname="Com.Staples.TestngTestCases.solutionBuilderTestngClass"/>
  <testcase name="solutionBuilderloginTestwithInvalidCredentials" time="21.797" classname="Com.Staples.TestngTestCases.solutionBuilderTestngClass"/>
  <testcase name="solutionBuilderloginTestwithInvalidPassword" time="21.183" classname="Com.Staples.TestngTestCases.solutionBuilderTestngClass"/>
  <testcase name="solutionBuilderloginTestwithInvalidUsername" time="32.087" classname="Com.Staples.TestngTestCases.solutionBuilderTestngClass"/>
</testsuite> <!-- Staples_SolutionBuilder_IEBrowser -->
