<?xml version="1.0" encoding="UTF-8"?>
<!-- Generated by org.testng.reporters.JUnitXMLReporter -->
<testsuite hostname="rporakala-pc" ignored="0" name="StaplesTestsDevCorpIDM-FirefoxBrowser" tests="2" failures="0" timestamp="14 Mar 2018 10:40:29 GMT" time="32.903" errors="0">
  <testcase name="browserLaunching" time="7.143" classname="Com.Staples.CommonLib.Baseclass"/>
  <testcase name="staplesLoginwithValidCredentials" time="24.622" classname="Com.Staples.TestngTestCases.staplesTestngClasses"/>
</testsuite> <!-- StaplesTestsDevCorpIDM-FirefoxBrowser -->
