<?xml version="1.0" encoding="UTF-8"?>
<!-- Generated by org.testng.reporters.JUnitXMLReporter -->
<testsuite hostname="ForgeRockTest1" ignored="0" name="Staples_SPOMS_IEBrowser" tests="8" failures="0" timestamp="08 May 2018 07:02:06 GMT" time="74.406" errors="0">
  <testcase name="testCasesExecutionStarted" time="3.43" classname="Com.Staples.CommonLib.Baseclass"/>
  <testcase name="spomsLoginTestWithValidCredentials" time="15.366" classname="Com.Staples.TestngTestCases.spomsTestngClass"/>
  <testcase name="spomsloginTestwithBlankCredentials" time="9.065" classname="Com.Staples.TestngTestCases.spomsTestngClass"/>
  <testcase name="spomsloginTestwithEmptyPasswordField" time="9.011" classname="Com.Staples.TestngTestCases.spomsTestngClass"/>
  <testcase name="spomsloginTestwithEmptyUserNameField" time="8.945" classname="Com.Staples.TestngTestCases.spomsTestngClass"/>
  <testcase name="spomsloginTestwithInvalidCredentials" time="9.245" classname="Com.Staples.TestngTestCases.spomsTestngClass"/>
  <testcase name="spomsloginTestwithInvalidPassword" time="9.042" classname="Com.Staples.TestngTestCases.spomsTestngClass"/>
  <testcase name="spomsloginTestwithInvalidUsername" time="9.091" classname="Com.Staples.TestngTestCases.spomsTestngClass"/>
</testsuite> <!-- Staples_SPOMS_IEBrowser -->
