<?xml version="1.0" encoding="UTF-8"?>
<!-- Generated by org.testng.reporters.JUnitXMLReporter -->
<testsuite hostname="ForgeRockTest1" ignored="0" name="Staples_ReplenishMe-FirefoxBrowser" tests="8" failures="0" timestamp="11 Apr 2018 06:43:50 GMT" time="85.913" errors="0">
  <testcase name="testCasesExecutionStarted" time="7.604" classname="Com.Staples.CommonLib.Baseclass"/>
  <testcase name="replenishMeLoginTestWithValidCredentials" time="12.247" classname="Com.Staples.TestngTestCases.replenishMeTestngClass"/>
  <testcase name="replenishMeloginTestwithBlankCredentials" time="6.963" classname="Com.Staples.TestngTestCases.replenishMeTestngClass"/>
  <testcase name="replenishMeloginTestwithEmptyPasswordField" time="6.974" classname="Com.Staples.TestngTestCases.replenishMeTestngClass"/>
  <testcase name="replenishMeloginTestwithEmptyUserNameField" time="6.908" classname="Com.Staples.TestngTestCases.replenishMeTestngClass"/>
  <testcase name="replenishMeloginTestwithInvalidCredentials" time="6.987" classname="Com.Staples.TestngTestCases.replenishMeTestngClass"/>
  <testcase name="replenishMeloginTestwithInvalidPassword" time="6.994" classname="Com.Staples.TestngTestCases.replenishMeTestngClass"/>
  <testcase name="replenishMeloginTestwithInvalidUsername" time="6.981" classname="Com.Staples.TestngTestCases.replenishMeTestngClass"/>
</testsuite> <!-- Staples_ReplenishMe-FirefoxBrowser -->
