<?xml version="1.0" encoding="UTF-8"?>
<!-- Generated by org.testng.reporters.JUnitXMLReporter -->
<testsuite hostname="ForgeRockTest1" ignored="0" name="Staples_FSA_FirefoxBrowser" tests="8" failures="0" timestamp="09 May 2018 06:34:17 GMT" time="68.88" errors="0">
  <testcase name="testCasesExecutionStarted" time="4.052" classname="Com.Staples.CommonLib.Baseclass"/>
  <testcase name="fsaLoginTestWithValidCredentials" time="11.054" classname="Com.Staples.TestngTestCases.fsaTestngClass"/>
  <testcase name="fsaloginTestwithBlankCredentials" time="6.876" classname="Com.Staples.TestngTestCases.fsaTestngClass"/>
  <testcase name="fsaloginTestwithEmptyPasswordField" time="7.28" classname="Com.Staples.TestngTestCases.fsaTestngClass"/>
  <testcase name="fsaloginTestwithEmptyUserNameField" time="6.991" classname="Com.Staples.TestngTestCases.fsaTestngClass"/>
  <testcase name="fsaloginTestwithInvalidCredentials" time="8.179" classname="Com.Staples.TestngTestCases.fsaTestngClass"/>
  <testcase name="fsaloginTestwithInvalidPassword" time="7.126" classname="Com.Staples.TestngTestCases.fsaTestngClass"/>
  <testcase name="fsaloginTestwithInvalidUsername" time="14.2" classname="Com.Staples.TestngTestCases.fsaTestngClass"/>
</testsuite> <!-- Staples_FSA_FirefoxBrowser -->
