<?xml version="1.0" encoding="UTF-8"?>
<!-- Generated by org.testng.reporters.JUnitXMLReporter -->
<testsuite hostname="ForgeRockTest1" ignored="0" name="StaplesTestsSalesforce-ChromeBrowser" tests="8" failures="0" timestamp="23 Mar 2018 17:55:30 GMT" time="78.339" errors="0">
  <testcase name="browserLaunching" time="3.601" classname="Com.Staples.CommonLib.Baseclass"/>
  <testcase name="staplesLoginwithValidCredentials" time="23.945" classname="Com.Staples.TestngTestCases.staplesTestngClasses"/>
  <testcase name="loginTestwithInvalidPassword" time="8.159" classname="Com.Staples.TestngTestCases.staplesTestngClasses"/>
  <testcase name="loginTestwithInvalidUsername" time="7.968" classname="Com.Staples.TestngTestCases.staplesTestngClasses"/>
  <testcase name="loginTestwithBlankCredentials" time="7.754" classname="Com.Staples.TestngTestCases.staplesTestngClasses"/>
  <testcase name="loginTestwithwithEmptyPasswordField" time="7.796" classname="Com.Staples.TestngTestCases.staplesTestngClasses"/>
  <testcase name="loginTestwithwithEmptyUserNameField" time="7.819" classname="Com.Staples.TestngTestCases.staplesTestngClasses"/>
  <testcase name="loginTestwithwithInvalidCredentials" time="7.874" classname="Com.Staples.TestngTestCases.staplesTestngClasses"/>
</testsuite> <!-- StaplesTestsSalesforce-ChromeBrowser -->
