<?xml version="1.0" encoding="UTF-8"?>
<!-- Generated by org.testng.reporters.JUnitXMLReporter -->
<testsuite hostname="ForgeRockTest1" ignored="0" name="Staples_BibsTest-IEBrowser" tests="8" failures="0" timestamp="26 Mar 2018 14:13:36 GMT" time="92.319" errors="0">
  <testcase name="testCasesExecutionStarted" time="1.699" classname="Com.Staples.CommonLib.Baseclass"/>
  <testcase name="salesForceLoginTestwithValidCredentials" time="31.465" classname="Com.Staples.TestngTestCases.staplesTestngClasses"/>
  <testcase name="salesForceloginTestwithInvalidPassword" time="9.975" classname="Com.Staples.TestngTestCases.staplesTestngClasses"/>
  <testcase name="salesForceloginTestwithInvalidUsername" time="10.008" classname="Com.Staples.TestngTestCases.staplesTestngClasses"/>
  <testcase name="salesForceloginTestwithBlankCredentials" time="9.465" classname="Com.Staples.TestngTestCases.staplesTestngClasses"/>
  <testcase name="salesForceloginTestwithEmptyPasswordField" time="9.521" classname="Com.Staples.TestngTestCases.staplesTestngClasses"/>
  <testcase name="salesForceloginTestwithEmptyUserNameField" time="9.688" classname="Com.Staples.TestngTestCases.staplesTestngClasses"/>
  <testcase name="salesForceloginTestwithInvalidCredentials" time="10.212" classname="Com.Staples.TestngTestCases.staplesTestngClasses"/>
</testsuite> <!-- Staples_BibsTest-IEBrowser -->
