<?xml version="1.0" encoding="UTF-8"?>
<!-- Generated by org.testng.reporters.JUnitXMLReporter -->
<testsuite hostname="ForgeRockTest1" ignored="0" name="Staples_RTTP_SUPPORT_IEBrowser" tests="8" failures="0" timestamp="09 May 2018 05:53:26 GMT" time="80.935" errors="0">
  <testcase name="testCasesExecutionStarted" time="3.637" classname="Com.Staples.CommonLib.Baseclass"/>
  <testcase name="rttp_supportLoginTestWithValidCredentials" time="19.656" classname="Com.Staples.TestngTestCases.rttpTestngClass"/>
  <testcase name="rttp_supportTestwithBlankCredentials" time="9.257" classname="Com.Staples.TestngTestCases.rttpTestngClass"/>
  <testcase name="rttp_supportTestwithEmptyPasswordField" time="9.168" classname="Com.Staples.TestngTestCases.rttpTestngClass"/>
  <testcase name="rttp_supportTestwithInvalidPassword" time="9.213" classname="Com.Staples.TestngTestCases.rttpTestngClass"/>
  <testcase name="rttp_supportTestwithInvalidUsername" time="9.395" classname="Com.Staples.TestngTestCases.rttpTestngClass"/>
  <testcase name="rttp_supportloginTestwithEmptyUserNameField" time="9.281" classname="Com.Staples.TestngTestCases.rttpTestngClass"/>
  <testcase name="rttp_supportloginTestwithInvalidCredentials" time="10.048" classname="Com.Staples.TestngTestCases.rttpTestngClass"/>
</testsuite> <!-- Staples_RTTP_SUPPORT_IEBrowser -->
