<?xml version="1.0" encoding="UTF-8"?>
<!-- Generated by org.testng.reporters.JUnitXMLReporter -->
<testsuite hostname="ForgeRockTest1" ignored="0" name="Staples_SIGCAP_FirefoxBrowser" tests="8" failures="0" timestamp="08 May 2018 07:33:52 GMT" time="68.633" errors="0">
  <testcase name="testCasesExecutionStarted" time="3.933" classname="Com.Staples.CommonLib.Baseclass"/>
  <testcase name="sigcapLoginTestWithValidCredentials" time="10.61" classname="Com.Staples.TestngTestCases.sigcapTestngClass"/>
  <testcase name="sigcaploginTestwithBlankCredentials" time="6.939" classname="Com.Staples.TestngTestCases.sigcapTestngClass"/>
  <testcase name="sigcaploginTestwithEmptyPasswordField" time="6.982" classname="Com.Staples.TestngTestCases.sigcapTestngClass"/>
  <testcase name="sigcaploginTestwithEmptyUserNameField" time="6.86" classname="Com.Staples.TestngTestCases.sigcapTestngClass"/>
  <testcase name="sigcaploginTestwithInvalidCredentials" time="16.118" classname="Com.Staples.TestngTestCases.sigcapTestngClass"/>
  <testcase name="sigcaploginTestwithInvalidPassword" time="7.153" classname="Com.Staples.TestngTestCases.sigcapTestngClass"/>
  <testcase name="sigcaploginTestwithInvalidUsername" time="7.054" classname="Com.Staples.TestngTestCases.sigcapTestngClass"/>
</testsuite> <!-- Staples_SIGCAP_FirefoxBrowser -->
