<?xml version="1.0" encoding="UTF-8"?>
<!-- Generated by org.testng.reporters.JUnitXMLReporter -->
<testsuite hostname="ForgeRockTest1" ignored="0" name="Staples_SPOMS_FirefoxBrowser" tests="8" failures="0" timestamp="08 May 2018 06:59:04 GMT" time="66.633" errors="0">
  <testcase name="testCasesExecutionStarted" time="3.813" classname="Com.Staples.CommonLib.Baseclass"/>
  <testcase name="spomsLoginTestWithValidCredentials" time="16.935" classname="Com.Staples.TestngTestCases.spomsTestngClass"/>
  <testcase name="spomsloginTestwithBlankCredentials" time="6.88" classname="Com.Staples.TestngTestCases.spomsTestngClass"/>
  <testcase name="spomsloginTestwithEmptyPasswordField" time="6.896" classname="Com.Staples.TestngTestCases.spomsTestngClass"/>
  <testcase name="spomsloginTestwithEmptyUserNameField" time="6.936" classname="Com.Staples.TestngTestCases.spomsTestngClass"/>
  <testcase name="spomsloginTestwithInvalidCredentials" time="7.179" classname="Com.Staples.TestngTestCases.spomsTestngClass"/>
  <testcase name="spomsloginTestwithInvalidPassword" time="7.003" classname="Com.Staples.TestngTestCases.spomsTestngClass"/>
  <testcase name="spomsloginTestwithInvalidUsername" time="7.96" classname="Com.Staples.TestngTestCases.spomsTestngClass"/>
</testsuite> <!-- Staples_SPOMS_FirefoxBrowser -->
