<?xml version="1.0" encoding="UTF-8"?>
<!-- Generated by org.testng.reporters.JUnitXMLReporter -->
<testsuite hostname="ForgeRockTest1" ignored="0" name="Staples_Helios-ChromeBrowser" tests="8" failures="0" timestamp="27 Mar 2018 10:53:06 GMT" time="56.866" errors="0">
  <testcase name="testCasesExecutionStarted" time="2.645" classname="Com.Staples.CommonLib.Baseclass"/>
  <testcase name="heliosLoginTestwithValidCredentials" time="9.777" classname="Com.Staples.TestngTestCases.staplesTestngClasses"/>
  <testcase name="heliosloginTestwithBlankCredentials" time="6.673" classname="Com.Staples.TestngTestCases.staplesTestngClasses"/>
  <testcase name="heliosloginTestwithEmptyPasswordField" time="6.767" classname="Com.Staples.TestngTestCases.staplesTestngClasses"/>
  <testcase name="heliosloginTestwithEmptyUserNameField" time="6.742" classname="Com.Staples.TestngTestCases.staplesTestngClasses"/>
  <testcase name="heliosloginTestwithInvalidCredentials" time="6.993" classname="Com.Staples.TestngTestCases.staplesTestngClasses"/>
  <testcase name="heliosloginTestwithInvalidPassword" time="6.839" classname="Com.Staples.TestngTestCases.staplesTestngClasses"/>
  <testcase name="heliosloginTestwithInvalidUsername" time="6.93" classname="Com.Staples.TestngTestCases.staplesTestngClasses"/>
</testsuite> <!-- Staples_Helios-ChromeBrowser -->
