<?xml version="1.0" encoding="UTF-8"?>
<!-- Generated by org.testng.reporters.JUnitXMLReporter -->
<testsuite hostname="ForgeRockTest1" ignored="0" name="Staples_AMH_IEBrowser" tests="8" failures="0" timestamp="17 Apr 2018 09:57:18 GMT" time="242.318" errors="0">
  <testcase name="testCasesExecutionStarted" time="8.727" classname="Com.Staples.CommonLib.Baseclass"/>
  <testcase name="amhLoginTestWithValidCredentials" time="51.584" classname="Com.Staples.TestngTestCases.amhTestngClass"/>
  <testcase name="amhloginTestwithBlankCredentials" time="27.591" classname="Com.Staples.TestngTestCases.amhTestngClass"/>
  <testcase name="amhloginTestwithEmptyPasswordField" time="31.732" classname="Com.Staples.TestngTestCases.amhTestngClass"/>
  <testcase name="amhloginTestwithEmptyUserNameField" time="23.003" classname="Com.Staples.TestngTestCases.amhTestngClass"/>
  <testcase name="amhloginTestwithInvalidCredentials" time="30.224" classname="Com.Staples.TestngTestCases.amhTestngClass"/>
  <testcase name="amhloginTestwithInvalidPassword" time="37.245" classname="Com.Staples.TestngTestCases.amhTestngClass"/>
  <testcase name="amhloginTestwithInvalidUsername" time="29.847" classname="Com.Staples.TestngTestCases.amhTestngClass"/>
</testsuite> <!-- Staples_AMH_IEBrowser -->
