<?xml version="1.0" encoding="UTF-8"?>
<!-- Generated by org.testng.reporters.JUnitXMLReporter -->
<testsuite hostname="ForgeRockTest1" ignored="0" name="Staples_FSA_IEBrowser" tests="8" failures="0" timestamp="09 May 2018 06:37:38 GMT" time="76.756" errors="0">
  <testcase name="testCasesExecutionStarted" time="3.519" classname="Com.Staples.CommonLib.Baseclass"/>
  <testcase name="fsaLoginTestWithValidCredentials" time="16.864" classname="Com.Staples.TestngTestCases.fsaTestngClass"/>
  <testcase name="fsaloginTestwithBlankCredentials" time="9.103" classname="Com.Staples.TestngTestCases.fsaTestngClass"/>
  <testcase name="fsaloginTestwithEmptyPasswordField" time="9.036" classname="Com.Staples.TestngTestCases.fsaTestngClass"/>
  <testcase name="fsaloginTestwithEmptyUserNameField" time="9.176" classname="Com.Staples.TestngTestCases.fsaTestngClass"/>
  <testcase name="fsaloginTestwithInvalidCredentials" time="9.384" classname="Com.Staples.TestngTestCases.fsaTestngClass"/>
  <testcase name="fsaloginTestwithInvalidPassword" time="9.174" classname="Com.Staples.TestngTestCases.fsaTestngClass"/>
  <testcase name="fsaloginTestwithInvalidUsername" time="9.272" classname="Com.Staples.TestngTestCases.fsaTestngClass"/>
</testsuite> <!-- Staples_FSA_IEBrowser -->
