<?xml version="1.0" encoding="UTF-8"?>
<!-- Generated by org.testng.reporters.JUnitXMLReporter -->
<testsuite hostname="ForgeRockTest1" ignored="0" name="Staples_JIRA_IEBrowser" tests="8" failures="0" timestamp="10 May 2018 07:02:22 GMT" time="88.206" errors="0">
  <testcase name="testCasesExecutionStarted" time="3.589" classname="Com.Staples.CommonLib.Baseclass"/>
  <testcase name="jiraLoginTestWithValidCredentials" time="24.233" classname="Com.Staples.TestngTestCases.jiraTestngClass"/>
  <testcase name="jiraloginTestwithBlankCredentials" time="9.672" classname="Com.Staples.TestngTestCases.jiraTestngClass"/>
  <testcase name="jiraloginTestwithEmptyPasswordField" time="9.438" classname="Com.Staples.TestngTestCases.jiraTestngClass"/>
  <testcase name="jiraloginTestwithEmptyUserNameField" time="9.709" classname="Com.Staples.TestngTestCases.jiraTestngClass"/>
  <testcase name="jiraloginTestwithInvalidCredentials" time="10.141" classname="Com.Staples.TestngTestCases.jiraTestngClass"/>
  <testcase name="jiraloginTestwithInvalidPassword" time="9.766" classname="Com.Staples.TestngTestCases.jiraTestngClass"/>
  <testcase name="jiraloginTestwithInvalidUsername" time="10.234" classname="Com.Staples.TestngTestCases.jiraTestngClass"/>
</testsuite> <!-- Staples_JIRA_IEBrowser -->
