<?xml version="1.0" encoding="UTF-8"?>
<!-- Generated by org.testng.reporters.JUnitXMLReporter -->
<testsuite hostname="ForgeRockTest1" ignored="0" name="Staples_Magnus_FirfoxBrowser" tests="8" failures="0" timestamp="04 May 2018 06:22:20 GMT" time="97.84" errors="0">
  <testcase name="testCasesExecutionStarted" time="8.51" classname="Com.Staples.CommonLib.Baseclass"/>
  <testcase name="magnusLoginTestWithValidCredentials" time="11.617" classname="Com.Staples.TestngTestCases.mangusTestngClass"/>
  <testcase name="magnusloginTestwithBlankCredentials" time="6.981" classname="Com.Staples.TestngTestCases.mangusTestngClass"/>
  <testcase name="magnusloginTestwithEmptyPasswordField" time="7.072" classname="Com.Staples.TestngTestCases.mangusTestngClass"/>
  <testcase name="magnusloginTestwithEmptyUserNameField" time="7.043" classname="Com.Staples.TestngTestCases.mangusTestngClass"/>
  <testcase name="magnusloginTestwithInvalidCredentials" time="12.117" classname="Com.Staples.TestngTestCases.mangusTestngClass"/>
  <testcase name="magnusloginTestwithInvalidPassword" time="12.077" classname="Com.Staples.TestngTestCases.mangusTestngClass"/>
  <testcase name="magnusloginTestwithInvalidUsername" time="8.186" classname="Com.Staples.TestngTestCases.mangusTestngClass"/>
</testsuite> <!-- Staples_Magnus_FirfoxBrowser -->
