<?xml version="1.0" encoding="UTF-8"?>
<!-- Generated by org.testng.reporters.JUnitXMLReporter -->
<testsuite hostname="ForgeRockTest1" ignored="0" name="Staples_JIRA_ChromeBrowser" tests="8" failures="0" timestamp="10 May 2018 06:51:38 GMT" time="75.063" errors="0">
  <testcase name="testCasesExecutionStarted" time="4.508" classname="Com.Staples.CommonLib.Baseclass"/>
  <testcase name="jiraLoginTestWithValidCredentials" time="22.968" classname="Com.Staples.TestngTestCases.jiraTestngClass"/>
  <testcase name="jiraloginTestwithBlankCredentials" time="6.957" classname="Com.Staples.TestngTestCases.jiraTestngClass"/>
  <testcase name="jiraloginTestwithEmptyPasswordField" time="7.145" classname="Com.Staples.TestngTestCases.jiraTestngClass"/>
  <testcase name="jiraloginTestwithEmptyUserNameField" time="7.174" classname="Com.Staples.TestngTestCases.jiraTestngClass"/>
  <testcase name="jiraloginTestwithInvalidCredentials" time="7.443" classname="Com.Staples.TestngTestCases.jiraTestngClass"/>
  <testcase name="jiraloginTestwithInvalidPassword" time="7.331" classname="Com.Staples.TestngTestCases.jiraTestngClass"/>
  <testcase name="jiraloginTestwithInvalidUsername" time="8.197" classname="Com.Staples.TestngTestCases.jiraTestngClass"/>
</testsuite> <!-- Staples_JIRA_ChromeBrowser -->
