<?xml version="1.0" encoding="UTF-8"?>
<!-- Generated by org.testng.reporters.JUnitXMLReporter -->
<testsuite hostname="ForgeRockTest1" ignored="0" name="Staples_SIGCAP_IEBrowser" tests="8" failures="0" timestamp="08 May 2018 07:36:28 GMT" time="74.753" errors="0">
  <testcase name="testCasesExecutionStarted" time="3.318" classname="Com.Staples.CommonLib.Baseclass"/>
  <testcase name="sigcapLoginTestWithValidCredentials" time="16.178" classname="Com.Staples.TestngTestCases.sigcapTestngClass"/>
  <testcase name="sigcaploginTestwithBlankCredentials" time="8.85" classname="Com.Staples.TestngTestCases.sigcapTestngClass"/>
  <testcase name="sigcaploginTestwithEmptyPasswordField" time="9.089" classname="Com.Staples.TestngTestCases.sigcapTestngClass"/>
  <testcase name="sigcaploginTestwithEmptyUserNameField" time="8.85" classname="Com.Staples.TestngTestCases.sigcapTestngClass"/>
  <testcase name="sigcaploginTestwithInvalidCredentials" time="9.227" classname="Com.Staples.TestngTestCases.sigcapTestngClass"/>
  <testcase name="sigcaploginTestwithInvalidPassword" time="9.023" classname="Com.Staples.TestngTestCases.sigcapTestngClass"/>
  <testcase name="sigcaploginTestwithInvalidUsername" time="9.096" classname="Com.Staples.TestngTestCases.sigcapTestngClass"/>
</testsuite> <!-- Staples_SIGCAP_IEBrowser -->
