<?xml version="1.0" encoding="UTF-8"?>
<!-- Generated by org.testng.reporters.JUnitXMLReporter -->
<testsuite hostname="ForgeRockTest1" ignored="0" name="Staples_BIBS_ChromeBrowser" tests="8" failures="0" timestamp="14 May 2018 07:06:38 GMT" time="63.532" errors="0">
  <testcase name="testCasesExecutionStarted" time="4.501" classname="Com.Staples.CommonLib.Baseclass"/>
  <testcase name="bibsLoginTestWithValidCredentials" time="10.437" classname="Com.Staples.TestngTestCases.bibsTestngClass"/>
  <testcase name="bibsloginTestwithBlankCredentials" time="7.055" classname="Com.Staples.TestngTestCases.bibsTestngClass"/>
  <testcase name="bibsloginTestwithEmptyPasswordField" time="7.474" classname="Com.Staples.TestngTestCases.bibsTestngClass"/>
  <testcase name="bibsloginTestwithEmptyUserNameField" time="7.328" classname="Com.Staples.TestngTestCases.bibsTestngClass"/>
  <testcase name="bibsloginTestwithInvalidCredentials" time="7.608" classname="Com.Staples.TestngTestCases.bibsTestngClass"/>
  <testcase name="bibsloginTestwithInvalidPassword" time="7.477" classname="Com.Staples.TestngTestCases.bibsTestngClass"/>
  <testcase name="bibsloginTestwithInvalidUsername" time="8.288" classname="Com.Staples.TestngTestCases.bibsTestngClass"/>
</testsuite> <!-- Staples_BIBS_ChromeBrowser -->
