<?xml version="1.0" encoding="UTF-8"?>
<!-- Generated by org.testng.reporters.JUnitXMLReporter -->
<testsuite hostname="ForgeRockTest1" ignored="0" name="Staples_CSRRewards-IE" tests="8" failures="0" timestamp="28 Mar 2018 07:01:26 GMT" time="79.89" errors="0">
  <testcase name="testCasesExecutionStarted" time="3.468" classname="Com.Staples.CommonLib.Baseclass"/>
  <testcase name="cSRRewardsLoginTestwithValidCredentials" time="19.558" classname="Com.Staples.TestngTestCases.staplesTestngClasses"/>
  <testcase name="cSRRewardsLoginTestwithInvalidPassword" time="9.311" classname="Com.Staples.TestngTestCases.staplesTestngClasses"/>
  <testcase name="cSRRewardsLoginTestwithInvalidUsername" time="9.384" classname="Com.Staples.TestngTestCases.staplesTestngClasses"/>
  <testcase name="cSRRewardloginTestwithBlankCredentials" time="9.119" classname="Com.Staples.TestngTestCases.staplesTestngClasses"/>
  <testcase name="cSRRewardloginTestwithEmptyPasswordField" time="8.934" classname="Com.Staples.TestngTestCases.staplesTestngClasses"/>
  <testcase name="cSRRewardloginTestwithEmptyUserNameField" time="9.362" classname="Com.Staples.TestngTestCases.staplesTestngClasses"/>
  <testcase name="cSRRewardloginTestwithInvalidCredentials" time="9.399" classname="Com.Staples.TestngTestCases.staplesTestngClasses"/>
</testsuite> <!-- Staples_CSRRewards-IE -->
