<?xml version="1.0" encoding="UTF-8"?>
<!-- Generated by org.testng.reporters.JUnitXMLReporter -->
<testsuite hostname="ForgeRockTest1" ignored="0" name="Staples_BIBS_FirefoxBrowser" tests="8" failures="0" timestamp="14 May 2018 07:14:46 GMT" time="90.818" errors="0">
  <testcase name="testCasesExecutionStarted" time="10.077" classname="Com.Staples.CommonLib.Baseclass"/>
  <testcase name="bibsLoginTestWithValidCredentials" time="10.318" classname="Com.Staples.TestngTestCases.bibsTestngClass"/>
  <testcase name="bibsloginTestwithBlankCredentials" time="7.41" classname="Com.Staples.TestngTestCases.bibsTestngClass"/>
  <testcase name="bibsloginTestwithEmptyPasswordField" time="7.389" classname="Com.Staples.TestngTestCases.bibsTestngClass"/>
  <testcase name="bibsloginTestwithEmptyUserNameField" time="7.362" classname="Com.Staples.TestngTestCases.bibsTestngClass"/>
  <testcase name="bibsloginTestwithInvalidCredentials" time="7.446" classname="Com.Staples.TestngTestCases.bibsTestngClass"/>
  <testcase name="bibsloginTestwithInvalidPassword" time="7.594" classname="Com.Staples.TestngTestCases.bibsTestngClass"/>
  <testcase name="bibsloginTestwithInvalidUsername" time="8.634" classname="Com.Staples.TestngTestCases.bibsTestngClass"/>
</testsuite> <!-- Staples_BIBS_FirefoxBrowser -->
