<?xml version="1.0" encoding="UTF-8"?>
<!-- Generated by org.testng.reporters.JUnitXMLReporter -->
<testsuite hostname="ForgeRockTest1" ignored="0" name="Staples_BIBS_IEBrowser" tests="8" failures="0" timestamp="15 May 2018 09:43:21 GMT" time="73.232" errors="0">
  <testcase name="testCasesExecutionStarted" time="4.443" classname="Com.Staples.CommonLib.Baseclass"/>
  <testcase name="somsLoginTestWithValidCredentials" time="20.232" classname="Com.Staples.TestngTestCases.somsTestngClass"/>
  <testcase name="somsloginTestwithBlankCredentials" time="7.248" classname="Com.Staples.TestngTestCases.somsTestngClass"/>
  <testcase name="somsloginTestwithEmptyPasswordField" time="7.233" classname="Com.Staples.TestngTestCases.somsTestngClass"/>
  <testcase name="somsloginTestwithEmptyUserNameField" time="7.132" classname="Com.Staples.TestngTestCases.somsTestngClass"/>
  <testcase name="somsloginTestwithInvalidCredentials" time="8.727" classname="Com.Staples.TestngTestCases.somsTestngClass"/>
  <testcase name="somsloginTestwithInvalidPassword" time="7.491" classname="Com.Staples.TestngTestCases.somsTestngClass"/>
  <testcase name="somsloginTestwithInvalidUsername" time="7.32" classname="Com.Staples.TestngTestCases.somsTestngClass"/>
</testsuite> <!-- Staples_BIBS_IEBrowser -->
