<?xml version="1.0" encoding="UTF-8"?>
<!-- Generated by org.testng.reporters.JUnitXMLReporter -->
<testsuite hostname="ForgeRockTest1" ignored="0" name="Staples_AMH_FirefoxBrowser" tests="8" failures="0" timestamp="17 Apr 2018 09:28:23 GMT" time="191.338" errors="0">
  <testcase name="testCasesExecutionStarted" time="17.712" classname="Com.Staples.CommonLib.Baseclass"/>
  <testcase name="amhLoginTestWithValidCredentials" time="40.706" classname="Com.Staples.TestngTestCases.amhTestngClass"/>
  <testcase name="amhloginTestwithBlankCredentials" time="10.317" classname="Com.Staples.TestngTestCases.amhTestngClass"/>
  <testcase name="amhloginTestwithEmptyPasswordField" time="11.231" classname="Com.Staples.TestngTestCases.amhTestngClass"/>
  <testcase name="amhloginTestwithEmptyUserNameField" time="10.159" classname="Com.Staples.TestngTestCases.amhTestngClass"/>
  <testcase name="amhloginTestwithInvalidCredentials" time="13.174" classname="Com.Staples.TestngTestCases.amhTestngClass"/>
  <testcase name="amhloginTestwithInvalidPassword" time="11.722" classname="Com.Staples.TestngTestCases.amhTestngClass"/>
  <testcase name="amhloginTestwithInvalidUsername" time="11.719" classname="Com.Staples.TestngTestCases.amhTestngClass"/>
</testsuite> <!-- Staples_AMH_FirefoxBrowser -->
