<?xml version="1.0" encoding="UTF-8"?>
<!-- Generated by org.testng.reporters.JUnitXMLReporter -->
<testsuite hostname="ForgeRockTest1" ignored="0" name="Staples_SalesForce-IEBrowser" tests="8" failures="0" timestamp="28 Mar 2018 06:17:45 GMT" time="80.301" errors="0">
  <testcase name="testCasesExecutionStarted" time="3.243" classname="Com.Staples.CommonLib.Baseclass"/>
  <testcase name="cSRRewardsLoginTestwithValidCredentials" time="21.358" classname="Com.Staples.TestngTestCases.staplesTestngClasses"/>
  <testcase name="cSRRewardsLoginTestwithInvalidPassword" time="9.059" classname="Com.Staples.TestngTestCases.staplesTestngClasses"/>
  <testcase name="cSRRewardsLoginTestwithInvalidUsername" time="9.23" classname="Com.Staples.TestngTestCases.staplesTestngClasses"/>
  <testcase name="cSRRewardloginTestwithBlankCredentials" time="9.176" classname="Com.Staples.TestngTestCases.staplesTestngClasses"/>
  <testcase name="cSRRewardloginTestwithEmptyPasswordField" time="8.677" classname="Com.Staples.TestngTestCases.staplesTestngClasses"/>
  <testcase name="cSRRewardloginTestwithEmptyUserNameField" time="9.142" classname="Com.Staples.TestngTestCases.staplesTestngClasses"/>
  <testcase name="cSRRewardloginTestwithInvalidCredentials" time="9.218" classname="Com.Staples.TestngTestCases.staplesTestngClasses"/>
</testsuite> <!-- Staples_SalesForce-IEBrowser -->
