<?xml version="1.0" encoding="UTF-8"?>
<!-- Generated by org.testng.reporters.JUnitXMLReporter -->
<testsuite hostname="ForgeRockTest1" ignored="0" name="Staples_Clarity_ChromeBrowser" tests="8" failures="0" timestamp="04 May 2018 10:25:45 GMT" time="83.762" errors="0">
  <testcase name="testCasesExecutionStarted" time="4.304" classname="Com.Staples.CommonLib.Baseclass"/>
  <testcase name="clarityLoginTestWithValidCredentials" time="33.641" classname="Com.Staples.TestngTestCases.clarityTestngClass"/>
  <testcase name="clarityloginTestwithBlankCredentials" time="7.001" classname="Com.Staples.TestngTestCases.clarityTestngClass"/>
  <testcase name="clarityloginTestwithEmptyPasswordField" time="6.982" classname="Com.Staples.TestngTestCases.clarityTestngClass"/>
  <testcase name="clarityloginTestwithEmptyUserNameField" time="6.859" classname="Com.Staples.TestngTestCases.clarityTestngClass"/>
  <testcase name="clarityloginTestwithInvalidCredentials" time="7.095" classname="Com.Staples.TestngTestCases.clarityTestngClass"/>
  <testcase name="clarityloginTestwithInvalidPassword" time="6.978" classname="Com.Staples.TestngTestCases.clarityTestngClass"/>
  <testcase name="clarityloginTestwithInvalidUsername" time="7.888" classname="Com.Staples.TestngTestCases.clarityTestngClass"/>
</testsuite> <!-- Staples_Clarity_ChromeBrowser -->
