<?xml version="1.0" encoding="UTF-8"?>
<!-- Generated by org.testng.reporters.JUnitXMLReporter -->
<testsuite hostname="ForgeRockTest1" ignored="0" name="Staples_Spear_IEBrowser" tests="8" failures="0" timestamp="20 Apr 2018 16:51:38 GMT" time="186.027" errors="0">
  <testcase name="testCasesExecutionStarted" time="16.808" classname="Com.Staples.CommonLib.Baseclass"/>
  <testcase name="spearLoginTestWithValidCredentials" time="29.165" classname="Com.Staples.TestngTestCases.spearTestngClass"/>
  <testcase name="spearloginTestwithBlankCredentials" time="10.537" classname="Com.Staples.TestngTestCases.spearTestngClass"/>
  <testcase name="spearloginTestwithEmptyPasswordField" time="10.933" classname="Com.Staples.TestngTestCases.spearTestngClass"/>
  <testcase name="spearloginTestwithEmptyUserNameField" time="11.062" classname="Com.Staples.TestngTestCases.spearTestngClass"/>
  <testcase name="spearloginTestwithInvalidCredentials" time="13.822" classname="Com.Staples.TestngTestCases.spearTestngClass"/>
  <testcase name="spearloginTestwithInvalidPassword" time="12.694" classname="Com.Staples.TestngTestCases.spearTestngClass"/>
  <testcase name="spearloginTestwithInvalidUsername" time="12.645" classname="Com.Staples.TestngTestCases.spearTestngClass"/>
</testsuite> <!-- Staples_Spear_IEBrowser -->
