<?xml version="1.0" encoding="UTF-8"?>
<!-- Generated by org.testng.reporters.JUnitXMLReporter -->
<testsuite hostname="ForgeRockTest1" ignored="0" name="Staples_Refexis-FirefoxBrowser" tests="8" failures="0" timestamp="09 Apr 2018 07:47:07 GMT" time="83.719" errors="0">
  <testcase name="testCasesExecutionStarted" time="9.43" classname="Com.Staples.CommonLib.Baseclass"/>
  <testcase name="reflexisLoginTestWithValidCredentials" time="7.04" classname="Com.Staples.TestngTestCases.reflexisTestngClass"/>
  <testcase name="reflexisloginTestwithBlankCredentials" time="6.962" classname="Com.Staples.TestngTestCases.reflexisTestngClass"/>
  <testcase name="reflexisloginTestwithEmptyPasswordField" time="6.972" classname="Com.Staples.TestngTestCases.reflexisTestngClass"/>
  <testcase name="reflexisloginTestwithEmptyUserNameField" time="7.086" classname="Com.Staples.TestngTestCases.reflexisTestngClass"/>
  <testcase name="reflexisloginTestwithInvalidCredentials" time="7.043" classname="Com.Staples.TestngTestCases.reflexisTestngClass"/>
  <testcase name="reflexisloginTestwithInvalidPassword" time="7.286" classname="Com.Staples.TestngTestCases.reflexisTestngClass"/>
  <testcase name="reflexisloginTestwithInvalidUsername" time="7.091" classname="Com.Staples.TestngTestCases.reflexisTestngClass"/>
</testsuite> <!-- Staples_Refexis-FirefoxBrowser -->
