<?xml version="1.0" encoding="UTF-8"?>
<!-- Generated by org.testng.reporters.JUnitXMLReporter -->
<testsuite hostname="ForgeRockTest1" ignored="0" name="Staples_BITBUCKET_ChromeBrowser" tests="8" failures="0" timestamp="10 May 2018 07:25:59 GMT" time="80.995" errors="0">
  <testcase name="testCasesExecutionStarted" time="4.7" classname="Com.Staples.CommonLib.Baseclass"/>
  <testcase name="bitbucketLoginTestWithValidCredentials" time="23.209" classname="Com.Staples.TestngTestCases.bitbucketTestngClass"/>
  <testcase name="bitbucketloginTestwithBlankCredentials" time="7.425" classname="Com.Staples.TestngTestCases.bitbucketTestngClass"/>
  <testcase name="bitbucketloginTestwithEmptyPasswordField" time="7.348" classname="Com.Staples.TestngTestCases.bitbucketTestngClass"/>
  <testcase name="bitbucketloginTestwithEmptyUserNameField" time="8.728" classname="Com.Staples.TestngTestCases.bitbucketTestngClass"/>
  <testcase name="bitbucketloginTestwithInvalidCredentials" time="9.196" classname="Com.Staples.TestngTestCases.bitbucketTestngClass"/>
  <testcase name="bitbucketloginTestwithInvalidPassword" time="8.287" classname="Com.Staples.TestngTestCases.bitbucketTestngClass"/>
  <testcase name="bitbucketloginTestwithInvalidUsername" time="8.466" classname="Com.Staples.TestngTestCases.bitbucketTestngClass"/>
</testsuite> <!-- Staples_BITBUCKET_ChromeBrowser -->
