<?xml version="1.0" encoding="UTF-8"?>
<!-- Generated by org.testng.reporters.JUnitXMLReporter -->
<testsuite hostname="ForgeRockTest1" ignored="0" name="Staples_RTTP_SUPPORT_FirefoxBrowser" tests="8" failures="0" timestamp="09 May 2018 05:49:08 GMT" time="62.064" errors="0">
  <testcase name="testCasesExecutionStarted" time="4.061" classname="Com.Staples.CommonLib.Baseclass"/>
  <testcase name="rttp_supportLoginTestWithValidCredentials" time="10.978" classname="Com.Staples.TestngTestCases.rttpTestngClass"/>
  <testcase name="rttp_supportTestwithBlankCredentials" time="6.926" classname="Com.Staples.TestngTestCases.rttpTestngClass"/>
  <testcase name="rttp_supportTestwithEmptyPasswordField" time="7.114" classname="Com.Staples.TestngTestCases.rttpTestngClass"/>
  <testcase name="rttp_supportTestwithInvalidPassword" time="7.417" classname="Com.Staples.TestngTestCases.rttpTestngClass"/>
  <testcase name="rttp_supportTestwithInvalidUsername" time="8.101" classname="Com.Staples.TestngTestCases.rttpTestngClass"/>
  <testcase name="rttp_supportloginTestwithEmptyUserNameField" time="6.934" classname="Com.Staples.TestngTestCases.rttpTestngClass"/>
  <testcase name="rttp_supportloginTestwithInvalidCredentials" time="7.281" classname="Com.Staples.TestngTestCases.rttpTestngClass"/>
</testsuite> <!-- Staples_RTTP_SUPPORT_FirefoxBrowser -->
