<?xml version="1.0" encoding="UTF-8"?>
<!-- Generated by org.testng.reporters.JUnitXMLReporter -->
<testsuite hostname="ForgeRockTest1" ignored="0" name="Staples_SolutionBuilder_ChromeBrowser" tests="8" failures="0" timestamp="19 Apr 2018 08:03:13 GMT" time="176.503" errors="0">
  <testcase name="testCasesExecutionStarted" time="15.886" classname="Com.Staples.CommonLib.Baseclass"/>
  <testcase name="solutionBuilderLoginTestWithValidCredentials" time="29.395" classname="Com.Staples.TestngTestCases.solutionBuilderTestngClass"/>
  <testcase name="solutionBuilderloginTestwithBlankCredentials" time="9.169" classname="Com.Staples.TestngTestCases.solutionBuilderTestngClass"/>
  <testcase name="solutionBuilderloginTestwithEmptyPasswordField" time="9.897" classname="Com.Staples.TestngTestCases.solutionBuilderTestngClass"/>
  <testcase name="solutionBuilderloginTestwithEmptyUserNameField" time="10.302" classname="Com.Staples.TestngTestCases.solutionBuilderTestngClass"/>
  <testcase name="solutionBuilderloginTestwithInvalidCredentials" time="12.676" classname="Com.Staples.TestngTestCases.solutionBuilderTestngClass"/>
  <testcase name="solutionBuilderloginTestwithInvalidPassword" time="11.244" classname="Com.Staples.TestngTestCases.solutionBuilderTestngClass"/>
  <testcase name="solutionBuilderloginTestwithInvalidUsername" time="11.329" classname="Com.Staples.TestngTestCases.solutionBuilderTestngClass"/>
</testsuite> <!-- Staples_SolutionBuilder_ChromeBrowser -->
