<?xml version="1.0" encoding="UTF-8"?>
<!-- Generated by org.testng.reporters.JUnitXMLReporter -->
<testsuite hostname="ForgeRockTest1" ignored="0" name="Staples_JIRA_FirefoxBrowser" tests="8" failures="0" timestamp="10 May 2018 06:58:06 GMT" time="91.475" errors="0">
  <testcase name="testCasesExecutionStarted" time="3.517" classname="Com.Staples.CommonLib.Baseclass"/>
  <testcase name="jiraLoginTestWithValidCredentials" time="28.019" classname="Com.Staples.TestngTestCases.jiraTestngClass"/>
  <testcase name="jiraloginTestwithBlankCredentials" time="9.61" classname="Com.Staples.TestngTestCases.jiraTestngClass"/>
  <testcase name="jiraloginTestwithEmptyPasswordField" time="9.338" classname="Com.Staples.TestngTestCases.jiraTestngClass"/>
  <testcase name="jiraloginTestwithEmptyUserNameField" time="9.672" classname="Com.Staples.TestngTestCases.jiraTestngClass"/>
  <testcase name="jiraloginTestwithInvalidCredentials" time="10.172" classname="Com.Staples.TestngTestCases.jiraTestngClass"/>
  <testcase name="jiraloginTestwithInvalidPassword" time="9.742" classname="Com.Staples.TestngTestCases.jiraTestngClass"/>
  <testcase name="jiraloginTestwithInvalidUsername" time="10.094" classname="Com.Staples.TestngTestCases.jiraTestngClass"/>
</testsuite> <!-- Staples_JIRA_FirefoxBrowser -->
