<?xml version="1.0" encoding="UTF-8"?>
<!-- Generated by org.testng.reporters.JUnitXMLReporter -->
<testsuite hostname="rporakala-pc" ignored="0" name="Staples-FirefoxBrowser" tests="8" failures="0" timestamp="15 Feb 2018 10:02:05 GMT" time="106.086" errors="0">
  <testcase name="browserLaunch" time="7.16" classname="Com.Staples.CommonLib.Baseclass"/>
  <testcase name="loginTestwithBlankCredentials" time="14.639" classname="Com.Staples.TestngTestCases.staplesTestngClasses"/>
  <testcase name="loginTestwithInvalidPassword" time="8.973" classname="Com.Staples.TestngTestCases.staplesTestngClasses"/>
  <testcase name="loginTestwithInvalidUsername" time="8.968" classname="Com.Staples.TestngTestCases.staplesTestngClasses"/>
  <testcase name="loginTestwithwithEmptyPasswordField" time="8.875" classname="Com.Staples.TestngTestCases.staplesTestngClasses"/>
  <testcase name="loginTestwithwithEmptyUserNameField" time="8.847" classname="Com.Staples.TestngTestCases.staplesTestngClasses"/>
  <testcase name="loginTestwithwithInvalidCredentials" time="8.955" classname="Com.Staples.TestngTestCases.staplesTestngClasses"/>
  <testcase name="staplesLoginwithValidCredentials" time="17.406" classname="Com.Staples.TestngTestCases.staplesTestngClasses"/>
</testsuite> <!-- Staples-FirefoxBrowser -->
