<?xml version="1.0" encoding="UTF-8"?>
<!-- Generated by org.testng.reporters.JUnitXMLReporter -->
<testsuite hostname="ForgeRockTest1" ignored="0" name="Staples_Polar_FirefoxBrowser" tests="8" failures="0" timestamp="09 May 2018 07:19:53 GMT" time="70.036" errors="0">
  <testcase name="testCasesExecutionStarted" time="4.163" classname="Com.Staples.CommonLib.Baseclass"/>
  <testcase name="polarLoginTestWithValidCredentials" time="18.827" classname="Com.Staples.TestngTestCases.polarTestngClass"/>
  <testcase name="polarloginTestwithBlankCredentials" time="7.028" classname="Com.Staples.TestngTestCases.polarTestngClass"/>
  <testcase name="polarloginTestwithEmptyPasswordField" time="7.049" classname="Com.Staples.TestngTestCases.polarTestngClass"/>
  <testcase name="polarloginTestwithEmptyUserNameField" time="7.024" classname="Com.Staples.TestngTestCases.polarTestngClass"/>
  <testcase name="polarloginTestwithInvalidCredentials" time="8.247" classname="Com.Staples.TestngTestCases.polarTestngClass"/>
  <testcase name="polarloginTestwithInvalidPassword" time="7.195" classname="Com.Staples.TestngTestCases.polarTestngClass"/>
  <testcase name="polarloginTestwithInvalidUsername" time="7.218" classname="Com.Staples.TestngTestCases.polarTestngClass"/>
</testsuite> <!-- Staples_Polar_FirefoxBrowser -->
