<?xml version="1.0" encoding="UTF-8"?>
<!-- Generated by org.testng.reporters.JUnitXMLReporter -->
<testsuite hostname="ForgeRockTest1" ignored="0" name="Staples_Refexis-ChromeBrowser" tests="8" failures="0" timestamp="09 Apr 2018 07:37:37 GMT" time="83.217" errors="0">
  <testcase name="testCasesExecutionStarted" time="9.392" classname="Com.Staples.CommonLib.Baseclass"/>
  <testcase name="reflexisLoginTestWithValidCredentials" time="6.933" classname="Com.Staples.TestngTestCases.reflexisTestngClass"/>
  <testcase name="reflexisloginTestwithBlankCredentials" time="7.016" classname="Com.Staples.TestngTestCases.reflexisTestngClass"/>
  <testcase name="reflexisloginTestwithEmptyPasswordField" time="7.079" classname="Com.Staples.TestngTestCases.reflexisTestngClass"/>
  <testcase name="reflexisloginTestwithEmptyUserNameField" time="7.075" classname="Com.Staples.TestngTestCases.reflexisTestngClass"/>
  <testcase name="reflexisloginTestwithInvalidCredentials" time="7.002" classname="Com.Staples.TestngTestCases.reflexisTestngClass"/>
  <testcase name="reflexisloginTestwithInvalidPassword" time="7.058" classname="Com.Staples.TestngTestCases.reflexisTestngClass"/>
  <testcase name="reflexisloginTestwithInvalidUsername" time="6.95" classname="Com.Staples.TestngTestCases.reflexisTestngClass"/>
</testsuite> <!-- Staples_Refexis-ChromeBrowser -->
