<?xml version="1.0" encoding="UTF-8"?>
<!-- Generated by org.testng.reporters.JUnitXMLReporter -->
<testsuite hostname="ForgeRockTest1" ignored="0" name="Staples_SalesForce-ChromeBrowser" tests="8" failures="0" timestamp="28 Mar 2018 06:22:25 GMT" time="64.199" errors="0">
  <testcase name="testCasesExecutionStarted" time="4.006" classname="Com.Staples.CommonLib.Baseclass"/>
  <testcase name="cSRRewardsLoginTestwithValidCredentials" time="15.162" classname="Com.Staples.TestngTestCases.staplesTestngClasses"/>
  <testcase name="cSRRewardsLoginTestwithInvalidPassword" time="7.099" classname="Com.Staples.TestngTestCases.staplesTestngClasses"/>
  <testcase name="cSRRewardsLoginTestwithInvalidUsername" time="7.059" classname="Com.Staples.TestngTestCases.staplesTestngClasses"/>
  <testcase name="cSRRewardloginTestwithBlankCredentials" time="6.697" classname="Com.Staples.TestngTestCases.staplesTestngClasses"/>
  <testcase name="cSRRewardloginTestwithEmptyPasswordField" time="6.868" classname="Com.Staples.TestngTestCases.staplesTestngClasses"/>
  <testcase name="cSRRewardloginTestwithEmptyUserNameField" time="6.993" classname="Com.Staples.TestngTestCases.staplesTestngClasses"/>
  <testcase name="cSRRewardloginTestwithInvalidCredentials" time="7.057" classname="Com.Staples.TestngTestCases.staplesTestngClasses"/>
</testsuite> <!-- Staples_SalesForce-ChromeBrowser -->
