<?xml version="1.0" encoding="UTF-8"?>
<!-- Generated by org.testng.reporters.JUnitXMLReporter -->
<testsuite hostname="ForgeRockTest1" ignored="0" name="Staples_Dig-ChromeBrowser" tests="3" failures="0" timestamp="09 Apr 2018 07:21:36 GMT" time="25.206" errors="0">
  <testcase name="testCasesExecutionStarted" time="3.39" classname="Com.Staples.CommonLib.Baseclass"/>
  <testcase name="reflexisLoginTestWithValidCredentials" time="9.453" classname="Com.Staples.TestngTestCases.reflexisTestngClass"/>
  <testcase name="reflexisloginTestwithInvalidPassword" time="10.005" classname="Com.Staples.TestngTestCases.reflexisTestngClass"/>
</testsuite> <!-- Staples_Dig-ChromeBrowser -->
