<?xml version="1.0" encoding="UTF-8"?>
<!-- Generated by org.testng.reporters.JUnitXMLReporter -->
<testsuite hostname="ForgeRockTest1" ignored="0" name="Staples_EDSMedallia-IEBrowser" tests="2" failures="0" timestamp="11 Apr 2018 06:15:15 GMT" time="21.499" errors="0">
  <testcase name="testCasesExecutionStarted" time="4.615" classname="Com.Staples.CommonLib.Baseclass"/>
  <testcase name="replenishMeLoginTestWithValidCredentials" time="12.142" classname="Com.Staples.TestngTestCases.replenishMeTestngClass"/>
</testsuite> <!-- Staples_EDSMedallia-IEBrowser -->
