<?xml version="1.0" encoding="UTF-8"?>
<!-- Generated by org.testng.reporters.JUnitXMLReporter -->
<testsuite hostname="ForgeRockTest1" ignored="0" name="Staples_CAMS_FirefoxBrowser" tests="8" failures="0" timestamp="08 May 2018 06:28:55 GMT" time="60.633" errors="0">
  <testcase name="testCasesExecutionStarted" time="3.787" classname="Com.Staples.CommonLib.Baseclass"/>
  <testcase name="camsLoginTestWithValidCredentials" time="10.18" classname="Com.Staples.TestngTestCases.camsTestngClass"/>
  <testcase name="camsloginTestwithBlankCredentials" time="6.976" classname="Com.Staples.TestngTestCases.camsTestngClass"/>
  <testcase name="camsloginTestwithEmptyPasswordField" time="6.849" classname="Com.Staples.TestngTestCases.camsTestngClass"/>
  <testcase name="camsloginTestwithEmptyUserNameField" time="6.818" classname="Com.Staples.TestngTestCases.camsTestngClass"/>
  <testcase name="camsloginTestwithInvalidCredentials" time="8.171" classname="Com.Staples.TestngTestCases.camsTestngClass"/>
  <testcase name="camsloginTestwithInvalidPassword" time="6.985" classname="Com.Staples.TestngTestCases.camsTestngClass"/>
  <testcase name="camsloginTestwithInvalidUsername" time="7.89" classname="Com.Staples.TestngTestCases.camsTestngClass"/>
</testsuite> <!-- Staples_CAMS_FirefoxBrowser -->
