<?xml version="1.0" encoding="UTF-8"?>
<!-- Generated by org.testng.reporters.JUnitXMLReporter -->
<testsuite hostname="ForgeRockTest1" ignored="0" name="StaplesTestsDevCorpIDMSelfService-FirefoxBrowser" tests="8" failures="0" timestamp="27 Mar 2018 10:40:50 GMT" time="86.314" errors="0">
  <testcase name="testCasesExecutionStarted" time="9.187" classname="Com.Staples.CommonLib.Baseclass"/>
  <testcase name="bibsloginTestwithBlankCredentials" time="8.342" classname="Com.Staples.TestngTestCases.staplesTestngClasses"/>
  <testcase name="bibsloginTestwithEmptyPasswordField" time="6.855" classname="Com.Staples.TestngTestCases.staplesTestngClasses"/>
  <testcase name="bibsloginTestwithEmptyUserNameField" time="6.833" classname="Com.Staples.TestngTestCases.staplesTestngClasses"/>
  <testcase name="bibsloginTestwithInvalidCredentials" time="6.904" classname="Com.Staples.TestngTestCases.staplesTestngClasses"/>
  <testcase name="bibsloginTestwithInvalidPassword" time="6.843" classname="Com.Staples.TestngTestCases.staplesTestngClasses"/>
  <testcase name="bibsloginTestwithInvalidUsername" time="6.845" classname="Com.Staples.TestngTestCases.staplesTestngClasses"/>
  <testcase name="heliosLoginwithTestValidCredentials" time="10.757" classname="Com.Staples.TestngTestCases.staplesTestngClasses"/>
</testsuite> <!-- StaplesTestsDevCorpIDMSelfService-FirefoxBrowser -->
