<?xml version="1.0" encoding="UTF-8"?>
<!-- Generated by org.testng.reporters.JUnitXMLReporter -->
<testsuite hostname="ForgeRockTest1" ignored="0" name="Staples_BITBUCKET_IEBrowser" tests="8" failures="0" timestamp="10 May 2018 07:33:28 GMT" time="96.361" errors="0">
  <testcase name="testCasesExecutionStarted" time="4.016" classname="Com.Staples.CommonLib.Baseclass"/>
  <testcase name="bitbucketLoginTestWithValidCredentials" time="29.13" classname="Com.Staples.TestngTestCases.bitbucketTestngClass"/>
  <testcase name="bitbucketloginTestwithBlankCredentials" time="9.898" classname="Com.Staples.TestngTestCases.bitbucketTestngClass"/>
  <testcase name="bitbucketloginTestwithEmptyPasswordField" time="10.015" classname="Com.Staples.TestngTestCases.bitbucketTestngClass"/>
  <testcase name="bitbucketloginTestwithEmptyUserNameField" time="10.251" classname="Com.Staples.TestngTestCases.bitbucketTestngClass"/>
  <testcase name="bitbucketloginTestwithInvalidCredentials" time="10.838" classname="Com.Staples.TestngTestCases.bitbucketTestngClass"/>
  <testcase name="bitbucketloginTestwithInvalidPassword" time="10.272" classname="Com.Staples.TestngTestCases.bitbucketTestngClass"/>
  <testcase name="bitbucketloginTestwithInvalidUsername" time="10.405" classname="Com.Staples.TestngTestCases.bitbucketTestngClass"/>
</testsuite> <!-- Staples_BITBUCKET_IEBrowser -->
