<?xml version="1.0" encoding="UTF-8"?>
<!-- Generated by org.testng.reporters.JUnitXMLReporter -->
<testsuite hostname="ForgeRockTest1" ignored="0" name="Staples_Polar_ChromeBrowser" tests="8" failures="0" timestamp="09 May 2018 07:10:53 GMT" time="66.303" errors="0">
  <testcase name="testCasesExecutionStarted" time="4.232" classname="Com.Staples.CommonLib.Baseclass"/>
  <testcase name="polarLoginTestWithValidCredentials" time="13.799" classname="Com.Staples.TestngTestCases.polarTestngClass"/>
  <testcase name="polarloginTestwithBlankCredentials" time="7.312" classname="Com.Staples.TestngTestCases.polarTestngClass"/>
  <testcase name="polarloginTestwithEmptyPasswordField" time="7.22" classname="Com.Staples.TestngTestCases.polarTestngClass"/>
  <testcase name="polarloginTestwithEmptyUserNameField" time="7.227" classname="Com.Staples.TestngTestCases.polarTestngClass"/>
  <testcase name="polarloginTestwithInvalidCredentials" time="7.527" classname="Com.Staples.TestngTestCases.polarTestngClass"/>
  <testcase name="polarloginTestwithInvalidPassword" time="7.443" classname="Com.Staples.TestngTestCases.polarTestngClass"/>
  <testcase name="polarloginTestwithInvalidUsername" time="8.206" classname="Com.Staples.TestngTestCases.polarTestngClass"/>
</testsuite> <!-- Staples_Polar_ChromeBrowser -->
