<?xml version="1.0" encoding="UTF-8"?>
<!-- Generated by org.testng.reporters.JUnitXMLReporter -->
<testsuite hostname="ForgeRockTest1" ignored="0" name="Staples_CSRRewards-FireFox" tests="8" failures="0" timestamp="28 Mar 2018 07:06:37 GMT" time="90.064" errors="0">
  <testcase name="testCasesExecutionStarted" time="9.357" classname="Com.Staples.CommonLib.Baseclass"/>
  <testcase name="cSRRewardsLoginTestwithValidCredentials" time="15.555" classname="Com.Staples.TestngTestCases.staplesTestngClasses"/>
  <testcase name="cSRRewardsLoginTestwithInvalidPassword" time="6.921" classname="Com.Staples.TestngTestCases.staplesTestngClasses"/>
  <testcase name="cSRRewardsLoginTestwithInvalidUsername" time="6.826" classname="Com.Staples.TestngTestCases.staplesTestngClasses"/>
  <testcase name="cSRRewardloginTestwithBlankCredentials" time="6.776" classname="Com.Staples.TestngTestCases.staplesTestngClasses"/>
  <testcase name="cSRRewardloginTestwithEmptyPasswordField" time="6.869" classname="Com.Staples.TestngTestCases.staplesTestngClasses"/>
  <testcase name="cSRRewardloginTestwithEmptyUserNameField" time="6.786" classname="Com.Staples.TestngTestCases.staplesTestngClasses"/>
  <testcase name="cSRRewardloginTestwithInvalidCredentials" time="6.833" classname="Com.Staples.TestngTestCases.staplesTestngClasses"/>
</testsuite> <!-- Staples_CSRRewards-FireFox -->
