<?xml version="1.0" encoding="UTF-8"?>
<!-- Generated by org.testng.reporters.JUnitXMLReporter -->
<testsuite hostname="rporakala-pc" ignored="0" name="StaplesTests-FirefoxBrowser" tests="2" failures="0" timestamp="14 Mar 2018 09:42:13 GMT" time="52.17" errors="0">
  <testcase name="browserLaunching" time="15.592" classname="Com.Staples.CommonLib.Baseclass"/>
  <testcase name="staplesLoginwithValidCredentials" time="34.941" classname="Com.Staples.TestngTestCases.staplesTestngClasses"/>
</testsuite> <!-- StaplesTests-FirefoxBrowser -->
