<?xml version="1.0" encoding="UTF-8"?>
<!-- Generated by org.testng.reporters.JUnitXMLReporter -->
<testsuite hostname="ForgeRockTest1" ignored="0" name="Staples_Polar_IEBrowser" tests="8" failures="0" timestamp="09 May 2018 07:25:04 GMT" time="80.397" errors="0">
  <testcase name="testCasesExecutionStarted" time="3.928" classname="Com.Staples.CommonLib.Baseclass"/>
  <testcase name="polarLoginTestWithValidCredentials" time="18.407" classname="Com.Staples.TestngTestCases.polarTestngClass"/>
  <testcase name="polarloginTestwithBlankCredentials" time="9.263" classname="Com.Staples.TestngTestCases.polarTestngClass"/>
  <testcase name="polarloginTestwithEmptyPasswordField" time="9.35" classname="Com.Staples.TestngTestCases.polarTestngClass"/>
  <testcase name="polarloginTestwithEmptyUserNameField" time="9.412" classname="Com.Staples.TestngTestCases.polarTestngClass"/>
  <testcase name="polarloginTestwithInvalidCredentials" time="9.789" classname="Com.Staples.TestngTestCases.polarTestngClass"/>
  <testcase name="polarloginTestwithInvalidPassword" time="9.476" classname="Com.Staples.TestngTestCases.polarTestngClass"/>
  <testcase name="polarloginTestwithInvalidUsername" time="9.481" classname="Com.Staples.TestngTestCases.polarTestngClass"/>
</testsuite> <!-- Staples_Polar_IEBrowser -->
