<?xml version="1.0" encoding="UTF-8"?>
<!-- Generated by org.testng.reporters.JUnitXMLReporter -->
<testsuite hostname="ForgeRockTest1" ignored="0" name="Staples_BibsTest-ChromeBrowser" tests="8" failures="0" timestamp="26 Mar 2018 14:12:04 GMT" time="80.522" errors="0">
  <testcase name="testCasesExecutionStarted" time="3.574" classname="Com.Staples.CommonLib.Baseclass"/>
  <testcase name="salesForceLoginTestwithValidCredentials" time="27.755" classname="Com.Staples.TestngTestCases.staplesTestngClasses"/>
  <testcase name="salesForceloginTestwithInvalidPassword" time="7.805" classname="Com.Staples.TestngTestCases.staplesTestngClasses"/>
  <testcase name="salesForceloginTestwithInvalidUsername" time="7.725" classname="Com.Staples.TestngTestCases.staplesTestngClasses"/>
  <testcase name="salesForceloginTestwithBlankCredentials" time="7.522" classname="Com.Staples.TestngTestCases.staplesTestngClasses"/>
  <testcase name="salesForceloginTestwithEmptyPasswordField" time="7.63" classname="Com.Staples.TestngTestCases.staplesTestngClasses"/>
  <testcase name="salesForceloginTestwithEmptyUserNameField" time="7.578" classname="Com.Staples.TestngTestCases.staplesTestngClasses"/>
  <testcase name="salesForceloginTestwithInvalidCredentials" time="7.797" classname="Com.Staples.TestngTestCases.staplesTestngClasses"/>
</testsuite> <!-- Staples_BibsTest-ChromeBrowser -->
