<?xml version="1.0" encoding="UTF-8"?>
<!-- Generated by org.testng.reporters.JUnitXMLReporter -->
<testsuite hostname="ForgeRockTest1" ignored="0" name="Staples_CSRRewards-Chrome" tests="8" failures="0" timestamp="28 Mar 2018 07:09:47 GMT" time="63.04" errors="0">
  <testcase name="testCasesExecutionStarted" time="3.739" classname="Com.Staples.CommonLib.Baseclass"/>
  <testcase name="cSRRewardsLoginTestwithValidCredentials" time="14.838" classname="Com.Staples.TestngTestCases.staplesTestngClasses"/>
  <testcase name="cSRRewardsLoginTestwithInvalidPassword" time="7.166" classname="Com.Staples.TestngTestCases.staplesTestngClasses"/>
  <testcase name="cSRRewardsLoginTestwithInvalidUsername" time="6.998" classname="Com.Staples.TestngTestCases.staplesTestngClasses"/>
  <testcase name="cSRRewardloginTestwithBlankCredentials" time="6.654" classname="Com.Staples.TestngTestCases.staplesTestngClasses"/>
  <testcase name="cSRRewardloginTestwithEmptyPasswordField" time="6.738" classname="Com.Staples.TestngTestCases.staplesTestngClasses"/>
  <testcase name="cSRRewardloginTestwithEmptyUserNameField" time="6.856" classname="Com.Staples.TestngTestCases.staplesTestngClasses"/>
  <testcase name="cSRRewardloginTestwithInvalidCredentials" time="6.963" classname="Com.Staples.TestngTestCases.staplesTestngClasses"/>
</testsuite> <!-- Staples_CSRRewards-Chrome -->
