<?xml version="1.0" encoding="UTF-8"?>
<!-- Generated by org.testng.reporters.JUnitXMLReporter -->
<testsuite hostname="ForgeRockTest1" ignored="0" name="Staples_Spear_FirefoxBrowser" tests="8" failures="0" timestamp="20 Apr 2018 16:59:38 GMT" time="151.041" errors="0">
  <testcase name="testCasesExecutionStarted" time="37.165" classname="Com.Staples.CommonLib.Baseclass"/>
  <testcase name="spearLoginTestWithValidCredentials" time="19.475" classname="Com.Staples.TestngTestCases.spearTestngClass"/>
  <testcase name="spearloginTestwithBlankCredentials" time="7.656" classname="Com.Staples.TestngTestCases.spearTestngClass"/>
  <testcase name="spearloginTestwithEmptyPasswordField" time="8.865" classname="Com.Staples.TestngTestCases.spearTestngClass"/>
  <testcase name="spearloginTestwithEmptyUserNameField" time="7.282" classname="Com.Staples.TestngTestCases.spearTestngClass"/>
  <testcase name="spearloginTestwithInvalidCredentials" time="10.023" classname="Com.Staples.TestngTestCases.spearTestngClass"/>
  <testcase name="spearloginTestwithInvalidPassword" time="12.278" classname="Com.Staples.TestngTestCases.spearTestngClass"/>
  <testcase name="spearloginTestwithInvalidUsername" time="7.362" classname="Com.Staples.TestngTestCases.spearTestngClass"/>
</testsuite> <!-- Staples_Spear_FirefoxBrowser -->
