<?xml version="1.0" encoding="UTF-8"?>
<!-- Generated by org.testng.reporters.JUnitXMLReporter -->
<testsuite hostname="rporakala-pc" ignored="0" name="TestSuite" tests="7" failures="0" timestamp="23 Jan 2018 10:07:29 GMT" time="196.861" errors="0">
  <testcase name="staplesLogin" time="29.84" classname="TestngTestCases.testngTestCases"/>
  <testcase name="loginTestwithInvalidPassword" time="26.243" classname="TestngTestCases.testngTestCases"/>
  <testcase name="loginTestwithInvalidUsername" time="26.399" classname="TestngTestCases.testngTestCases"/>
  <testcase name="loginTestwithBlankCredentials" time="25.384" classname="TestngTestCases.testngTestCases"/>
  <testcase name="loginTestwithwithEmptyPasswordField" time="25.864" classname="TestngTestCases.testngTestCases"/>
  <testcase name="loginTestwithwithEmptyUserNameField" time="29.26" classname="TestngTestCases.testngTestCases"/>
  <testcase name="loginTestwithwithInvalidCredentials" time="33.807" classname="TestngTestCases.testngTestCases"/>
</testsuite> <!-- TestSuite -->
