<?xml version="1.0" encoding="UTF-8"?>
<!-- Generated by org.testng.reporters.JUnitReportReporter -->
<testsuite skipped="0" hostname="rporakala-pc" name="TestngTestCases.ExtentReportsClassVersion" tests="3" failures="0" timestamp="13 Feb 2018 10:30:15 GMT" time="0.037" errors="0">
  <testcase name="failTest" time="0.030" classname="TestngTestCases.ExtentReportsClassVersion"/>
  <testcase name="skipTest" time="0.003" classname="TestngTestCases.ExtentReportsClassVersion"/>
  <testcase name="passTest" time="0.004" classname="TestngTestCases.ExtentReportsClassVersion"/>
</testsuite> <!-- TestngTestCases.ExtentReportsClassVersion -->
